<?xml version="1.0" encoding="UTF-8"?>
<testng-results ignored="0" total="1" passed="1" failed="0" skipped="0">
  <reporter-output>
  </reporter-output>
  <suite started-at="2025-01-22T21:20:32 IST" name="Default suite" finished-at="2025-01-22T21:23:25 IST" duration-ms="173210">
    <groups>
    </groups>
    <test started-at="2025-01-22T21:20:32 IST" name="Default test" finished-at="2025-01-22T21:23:25 IST" duration-ms="173210">
      <class name="businessUser.LoyaltyCard">
        <test-method is-config="true" signature="setUp()[pri:0, instance:businessUser.LoyaltyCard@53976f5c]" started-at="2025-01-22T21:20:32 IST" name="setUp" finished-at="2025-01-22T21:20:42 IST" duration-ms="10148" status="PASS">
          <reporter-output>
          </reporter-output>
        </test-method> <!-- setUp -->
        <test-method signature="createLoyaltycardByBusinessUserAndNoLoyaltyCardIsPresentAndApproveBytheAdmin()[pri:1, instance:businessUser.LoyaltyCard@53976f5c]" started-at="2025-01-22T21:20:42 IST" name="createLoyaltycardByBusinessUserAndNoLoyaltyCardIsPresentAndApproveBytheAdmin" finished-at="2025-01-22T21:23:25 IST" duration-ms="162937" status="PASS">
          <reporter-output>
          </reporter-output>
        </test-method> <!-- createLoyaltycardByBusinessUserAndNoLoyaltyCardIsPresentAndApproveBytheAdmin -->
      </class> <!-- businessUser.LoyaltyCard -->
    </test> <!-- Default test -->
  </suite> <!-- Default suite -->
</testng-results>
