<?xml version="1.0" encoding="UTF-8"?>
<!-- Generated by org.testng.reporters.JUnitReportReporter -->
<testsuite hostname="Mac-86.lan" failures="0" tests="4" name="admin.EventAdmin" time="112.450" errors="0" timestamp="2025-03-17T17:19:52 IST" skipped="0">
  <testcase classname="admin.EventAdmin" name="createEventByAdminForbusinessUser" time="42.543"/>
  <system-out/>
  <testcase classname="admin.EventAdmin" name="searchEventCreatedByAdminForBusinessUserAndCloneThatEvent" time="25.177"/>
  <system-out/>
  <testcase classname="admin.EventAdmin" name="searchEventCreatedByAdminForBusinessUserAndEditThatEvent" time="26.297"/>
  <system-out/>
  <testcase classname="admin.EventAdmin" name="searchEventCreatedByAdminForBusinessUserAndCancleThatEvent" time="18.433"/>
  <system-out/>
</testsuite> <!-- admin.EventAdmin -->
