<?xml version="1.0" encoding="UTF-8"?>
<!-- Generated by org.testng.reporters.JUnitReportReporter -->
<testsuite hostname="yeshs-Mac-mini.local" failures="0" tests="2" name="businessUser.EventWithMobileIntegration" time="220.640" errors="0" timestamp="2025-03-13T14:02:45 IST" skipped="0">
  <testcase classname="businessUser.EventWithMobileIntegration" name="createEventByBusinessuserAndAdminApprovesTheEvent" time="100.767"/>
  <system-out/>
  <testcase classname="businessUser.EventWithMobileIntegration" name="createEventByBusinessUserAfterThatCancled" time="119.873"/>
  <system-out/>
</testsuite> <!-- businessUser.EventWithMobileIntegration -->
